<?xml version="1.0" encoding="UTF-8"?>
<!-- Generated by org.testng.reporters.JUnitXMLReporter -->
<testsuite hostname="vaibhavagarwal" ignored="3" name="Default test" tests="1" failures="0" timestamp="05 Jul 2021 13:30:42 GMT" time="24.161" errors="0">
  <testcase name="whenUserClickOnRPoolLink" time="4.617" classname="in.redbus.Tests.HomePageTest"/>
  <testcase name="whenUserClickOnRedBusLogo" time="0.0" classname="in.redbus.Tests.HomePageTest">
    <ignored/>
  </testcase> <!-- whenUserClickOnRedBusLogo -->
  <testcase name="whenUserClickOnBusTicketLink" time="0.0" classname="in.redbus.Tests.HomePageTest">
    <ignored/>
  </testcase> <!-- whenUserClickOnBusTicketLink -->
  <testcase name="whenUserClickOnBusHireLink" time="0.0" classname="in.redbus.Tests.HomePageTest">
    <ignored/>
  </testcase> <!-- whenUserClickOnBusHireLink -->
</testsuite> <!-- Default test -->
