<?xml version="1.0" encoding="UTF-8"?>
<!-- Generated by org.testng.reporters.JUnitXMLReporter -->
<testsuite hostname="vaibhavagarwal" ignored="2" name="Default test" tests="1" failures="0" timestamp="05 Jul 2021 09:22:55 GMT" time="13.86" errors="0">
  <testcase name="whenUserEntersValidFromAndValidToAndValidDate" time="7.774" classname="in.redbus.Tests.SearchPageTest"/>
  <testcase name="whenUserEntersInvalidFromAndValidToAndValidDate" time="0.0" classname="in.redbus.Tests.SearchPageTest">
    <ignored/>
  </testcase> <!-- whenUserEntersInvalidFromAndValidToAndValidDate -->
  <testcase name="whenUserEntersValidFromAndInvalidToAndValidDate" time="0.0" classname="in.redbus.Tests.SearchPageTest">
    <ignored/>
  </testcase> <!-- whenUserEntersValidFromAndInvalidToAndValidDate -->
</testsuite> <!-- Default test -->
