<?xml version="1.0" encoding="UTF-8"?>
<!-- Generated by org.testng.reporters.JUnitXMLReporter -->
<testsuite hostname="vaibhavagarwal" ignored="8" name="Test" tests="20" failures="2" timestamp="05 Jul 2021 13:52:32 GMT" time="351.456" errors="0">
  <testcase name="@AfterMethod attachScreenshot" time="0.001" classname="in.redbus.Tests.BaseTest">
    <failure type="org.openqa.selenium.NoSuchSessionException" message="Session ID is null. Using WebDriver after calling quit()?
Build info: version: &amp;apos;3.141.59&amp;apos;, revision: &amp;apos;e82be7d358&amp;apos;, time: &amp;apos;2018-11-14T08:17:03&amp;apos;
System info: host: &amp;apos;VAIBHAVAGARWAL&amp;apos;, ip: &amp;apos;192.168.29.156&amp;apos;, os.name: &amp;apos;Windows 10&amp;apos;, os.arch: &amp;apos;amd64&amp;apos;, os.version: &amp;apos;10.0&amp;apos;, java.version: &amp;apos;1.8.0_281&amp;apos;
Driver info: driver.version: RemoteWebDriver">
      <![CDATA[org.openqa.selenium.NoSuchSessionException: Session ID is null. Using WebDriver after calling quit()?
Build info: version: '3.141.59', revision: 'e82be7d358', time: '2018-11-14T08:17:03'
System info: host: 'VAIBHAVAGARWAL', ip: '192.168.29.156', os.name: 'Windows 10', os.arch: 'amd64', os.version: '10.0', java.version: '1.8.0_281'
Driver info: driver.version: RemoteWebDriver
at org.openqa.selenium.remote.HttpCommandExecutor.execute(HttpCommandExecutor.java:125)
at org.openqa.selenium.remote.RemoteWebDriver.execute(RemoteWebDriver.java:552)
at org.openqa.selenium.remote.RemoteWebDriver.execute(RemoteWebDriver.java:609)
at org.openqa.selenium.remote.RemoteWebDriver.getScreenshotAs(RemoteWebDriver.java:295)
at in.redbus.Utils.UseScreenshots.getScreenshot(UseScreenshots.java:22)
at in.redbus.Tests.BaseTest.attachScreenshot(BaseTest.java:192)
at java.util.concurrent.ThreadPoolExecutor.runWorker(Unknown Source)
at java.util.concurrent.ThreadPoolExecutor$Worker.run(Unknown Source)
at java.lang.Thread.run(Unknown Source)
... Removed 13 stack frames]]>
    </failure>
  </testcase> <!-- @AfterMethod attachScreenshot -->
  <testcase name="@AfterMethod closeBrowser" time="0.0" classname="in.redbus.Tests.BaseTest">
    <skipped/>
  </testcase> <!-- @AfterMethod closeBrowser -->
  <testcase name="@BeforeMethod initDriver" time="0.0" classname="in.redbus.Tests.BaseTest">
    <skipped/>
  </testcase> <!-- @BeforeMethod initDriver -->
  <testcase name="@BeforeMethod setUp" time="0.0" classname="in.redbus.Tests.BaseTest">
    <skipped/>
  </testcase> <!-- @BeforeMethod setUp -->
  <testcase name="@AfterMethod attachScreenshot" time="0.0" classname="in.redbus.Tests.BaseTest">
    <skipped/>
  </testcase> <!-- @AfterMethod attachScreenshot -->
  <testcase name="@AfterMethod closeBrowser" time="0.0" classname="in.redbus.Tests.BaseTest">
    <skipped/>
  </testcase> <!-- @AfterMethod closeBrowser -->
  <testcase name="whenUserClicksOnCancellationLink" time="7.625" classname="in.redbus.Tests.BusTicketsPageTest">
    <failure type="org.openqa.selenium.StaleElementReferenceException" message="The element reference of &amp;lt;a id=&amp;quot;redBus&amp;quot; class=&amp;quot;selectedBus site-links&amp;quot; href=&amp;quot;https://www.redbus.in/bus-tickets/&amp;quot;&amp;gt; is stale; either the element is no longer attached to the DOM, it is not in the current frame context, or the document has been refreshed
For documentation on this error, please visit: https://www.seleniumhq.org/exceptions/stale_element_reference.html
Build info: version: &amp;apos;3.141.59&amp;apos;, revision: &amp;apos;e82be7d358&amp;apos;, time: &amp;apos;2018-11-14T08:17:03&amp;apos;
System info: host: &amp;apos;VAIBHAVAGARWAL&amp;apos;, ip: &amp;apos;192.168.29.156&amp;apos;, os.name: &amp;apos;Windows 10&amp;apos;, os.arch: &amp;apos;amd64&amp;apos;, os.version: &amp;apos;10.0&amp;apos;, java.version: &amp;apos;1.8.0_281&amp;apos;
Driver info: org.openqa.selenium.remote.RemoteWebDriver
Capabilities {acceptInsecureCerts: true, browserName: firefox, browserVersion: 89.0, javascriptEnabled: true, moz:accessibilityChecks: false, moz:buildID: 20210527174632, moz:geckodriverVersion: 0.29.0, moz:headless: false, moz:processID: 745, moz:profile: /tmp/rust_mozprofileSnwnjO, moz:shutdownTimeout: 60000, moz:useNonSpecCompliantPointerOrigin: false, moz:webdriverClick: true, pageLoadStrategy: normal, platform: LINUX, platformName: LINUX, platformVersion: 5.4.72-microsoft-standard-WSL2, setWindowRect: true, strictFileInteractability: false, timeouts: {implicit: 0, pageLoad: 300000, script: 30000}, unhandledPromptBehavior: dismiss and notify, webdriver.remote.sessionid: 047aa387-14a9-49ed-a163-893...}
Session ID: 047aa387-14a9-49ed-a163-8933c3c06071">
      <![CDATA[org.openqa.selenium.StaleElementReferenceException: The element reference of <a id="redBus" class="selectedBus site-links" href="https://www.redbus.in/bus-tickets/"> is stale; either the element is no longer attached to the DOM, it is not in the current frame context, or the document has been refreshed
For documentation on this error, please visit: https://www.seleniumhq.org/exceptions/stale_element_reference.html
Build info: version: '3.141.59', revision: 'e82be7d358', time: '2018-11-14T08:17:03'
System info: host: 'VAIBHAVAGARWAL', ip: '192.168.29.156', os.name: 'Windows 10', os.arch: 'amd64', os.version: '10.0', java.version: '1.8.0_281'
Driver info: org.openqa.selenium.remote.RemoteWebDriver
Capabilities {acceptInsecureCerts: true, browserName: firefox, browserVersion: 89.0, javascriptEnabled: true, moz:accessibilityChecks: false, moz:buildID: 20210527174632, moz:geckodriverVersion: 0.29.0, moz:headless: false, moz:processID: 745, moz:profile: /tmp/rust_mozprofileSnwnjO, moz:shutdownTimeout: 60000, moz:useNonSpecCompliantPointerOrigin: false, moz:webdriverClick: true, pageLoadStrategy: normal, platform: LINUX, platformName: LINUX, platformVersion: 5.4.72-microsoft-standard-WSL2, setWindowRect: true, strictFileInteractability: false, timeouts: {implicit: 0, pageLoad: 300000, script: 30000}, unhandledPromptBehavior: dismiss and notify, webdriver.remote.sessionid: 047aa387-14a9-49ed-a163-893...}
Session ID: 047aa387-14a9-49ed-a163-8933c3c06071
at org.openqa.selenium.remote.http.W3CHttpResponseCodec.createException(W3CHttpResponseCodec.java:187)
at org.openqa.selenium.remote.http.W3CHttpResponseCodec.decode(W3CHttpResponseCodec.java:122)
at org.openqa.selenium.remote.http.W3CHttpResponseCodec.decode(W3CHttpResponseCodec.java:49)
at org.openqa.selenium.remote.HttpCommandExecutor.execute(HttpCommandExecutor.java:158)
at org.openqa.selenium.remote.RemoteWebDriver.execute(RemoteWebDriver.java:552)
at org.openqa.selenium.remote.RemoteWebElement.execute(RemoteWebElement.java:285)
at org.openqa.selenium.remote.RemoteWebElement.click(RemoteWebElement.java:84)
at org.openqa.selenium.support.pagefactory.internal.LocatingElementHandler.invoke(LocatingElementHandler.java:51)
at com.sun.proxy.$Proxy11.click(Unknown Source)
at in.redbus.Pages.HomePage.clickOnBusTicketsLink(HomePage.java:44)
at in.redbus.Tests.BusTicketsPageTest.whenUserClicksOnCancellationLink(BusTicketsPageTest.java:49)
at java.util.concurrent.ThreadPoolExecutor.runWorker(Unknown Source)
at java.util.concurrent.ThreadPoolExecutor$Worker.run(Unknown Source)
at java.lang.Thread.run(Unknown Source)
... Removed 18 stack frames]]>
    </failure>
  </testcase> <!-- whenUserClicksOnCancellationLink -->
  <testcase name="whenUserEntersInvalidMobileNumber" time="12.91" classname="in.redbus.Tests.TripSummaryPageTest">
    <failure type="org.openqa.selenium.NoSuchSessionException" message="Session ID is null. Using WebDriver after calling quit()?
Build info: version: &amp;apos;3.141.59&amp;apos;, revision: &amp;apos;e82be7d358&amp;apos;, time: &amp;apos;2018-11-14T08:17:03&amp;apos;
System info: host: &amp;apos;VAIBHAVAGARWAL&amp;apos;, ip: &amp;apos;192.168.29.156&amp;apos;, os.name: &amp;apos;Windows 10&amp;apos;, os.arch: &amp;apos;amd64&amp;apos;, os.version: &amp;apos;10.0&amp;apos;, java.version: &amp;apos;1.8.0_281&amp;apos;
Driver info: driver.version: RemoteWebDriver">
      <![CDATA[org.openqa.selenium.NoSuchSessionException: Session ID is null. Using WebDriver after calling quit()?
Build info: version: '3.141.59', revision: 'e82be7d358', time: '2018-11-14T08:17:03'
System info: host: 'VAIBHAVAGARWAL', ip: '192.168.29.156', os.name: 'Windows 10', os.arch: 'amd64', os.version: '10.0', java.version: '1.8.0_281'
Driver info: driver.version: RemoteWebDriver
at org.openqa.selenium.remote.HttpCommandExecutor.execute(HttpCommandExecutor.java:125)
at org.openqa.selenium.remote.RemoteWebDriver.execute(RemoteWebDriver.java:552)
at org.openqa.selenium.remote.RemoteWebDriver.findElement(RemoteWebDriver.java:323)
at org.openqa.selenium.remote.RemoteWebDriver.findElementById(RemoteWebDriver.java:372)
at org.openqa.selenium.By$ById.findElement(By.java:188)
at org.openqa.selenium.remote.RemoteWebDriver.findElement(RemoteWebDriver.java:315)
at org.openqa.selenium.support.pagefactory.DefaultElementLocator.findElement(DefaultElementLocator.java:69)
at org.openqa.selenium.support.pagefactory.internal.LocatingElementHandler.invoke(LocatingElementHandler.java:38)
at com.sun.proxy.$Proxy11.sendKeys(Unknown Source)
at in.redbus.Pages.BusHirePage.enterPickUpLocation(BusHirePage.java:125)
at in.redbus.Utils.Prerequirements.preRequirementForTripSummary(Prerequirements.java:42)
at in.redbus.Tests.TripSummaryPageTest.whenUserEntersInvalidMobileNumber(TripSummaryPageTest.java:104)
at java.util.concurrent.ThreadPoolExecutor.runWorker(Unknown Source)
at java.util.concurrent.ThreadPoolExecutor$Worker.run(Unknown Source)
at java.lang.Thread.run(Unknown Source)
... Removed 10 stack frames]]>
    </failure>
  </testcase> <!-- whenUserEntersInvalidMobileNumber -->
  <testcase name="whenUserEntersValidDetail" time="0.0" classname="in.redbus.Tests.TripSummaryPageTest">
    <skipped/>
  </testcase> <!-- whenUserEntersValidDetail -->
  <testcase name="whenUserClickedOnAirportMenu" time="14.53" classname="in.redbus.Tests.BusHirePageTest"/>
  <testcase name="whenUserClickOnBusHireLink" time="4.347" classname="in.redbus.Tests.HomePageTest"/>
  <testcase name="whenUserEntersInvalidFromAndValidToAndValidDate" time="10.662" classname="in.redbus.Tests.SearchPageTest"/>
  <testcase name="whenUserClicksOnPrintTicket" time="6.383" classname="in.redbus.Tests.BusTicketsPageTest"/>
  <testcase name="whenUserClickedOnLocalMenu" time="15.219" classname="in.redbus.Tests.BusHirePageTest"/>
  <testcase name="whenUserClickOnBusTicketLink" time="4.537" classname="in.redbus.Tests.HomePageTest"/>
  <testcase name="whenUserEntersValidFromAndInvalidToAndValidDate" time="9.343" classname="in.redbus.Tests.SearchPageTest"/>
  <testcase name="whenUserEnterValidInfoInSearchBus" time="7.594" classname="in.redbus.Tests.BusTicketsPageTest"/>
  <testcase name="whenUserDoesNotEnterFromDateAndTimeForOutstation" time="0.003" classname="in.redbus.Tests.BusHirePageTest">
    <skipped/>
  </testcase> <!-- whenUserDoesNotEnterFromDateAndTimeForOutstation -->
  <testcase name="whenUserClickOnRPoolLink" time="2.311" classname="in.redbus.Tests.HomePageTest"/>
  <testcase name="whenUserEntersValidFromAndValidToAndValidDate" time="8.902" classname="in.redbus.Tests.SearchPageTest"/>
  <testcase name="whenUserDoesNotEnterFromLocationForOutstation" time="21.056" classname="in.redbus.Tests.BusHirePageTest"/>
  <testcase name="whenUserClickOnRedBusLogo" time="1.984" classname="in.redbus.Tests.HomePageTest"/>
  <testcase name="whenUserDoesNotEnterTillDateAndTimeForOutstation" time="0.004" classname="in.redbus.Tests.BusHirePageTest">
    <skipped/>
  </testcase> <!-- whenUserDoesNotEnterTillDateAndTimeForOutstation -->
  <testcase name="whenUserDoesNotEnterToLocationForOutstation" time="22.893" classname="in.redbus.Tests.BusHirePageTest"/>
  <testcase name="whenUserEntersPassengerNumberGreaterThan60ForOutstation" time="24.374" classname="in.redbus.Tests.BusHirePageTest"/>
  <testcase name="whenUserEntersValidInformationForOutstation" time="24.141" classname="in.redbus.Tests.BusHirePageTest"/>
  <testcase name="@BeforeSuite setExtent" time="0.0" classname="in.redbus.Tests.BaseTest">
    <ignored/>
  </testcase> <!-- @BeforeSuite setExtent -->
  <testcase name="@BeforeSuite setExtent" time="0.0" classname="in.redbus.Tests.BaseTest">
    <ignored/>
  </testcase> <!-- @BeforeSuite setExtent -->
  <testcase name="@BeforeSuite setExtent" time="0.0" classname="in.redbus.Tests.BaseTest">
    <ignored/>
  </testcase> <!-- @BeforeSuite setExtent -->
  <testcase name="@BeforeSuite setExtent" time="0.0" classname="in.redbus.Tests.BaseTest">
    <ignored/>
  </testcase> <!-- @BeforeSuite setExtent -->
  <testcase name="@AfterSuite endExtent" time="0.0" classname="in.redbus.Tests.BaseTest">
    <ignored/>
  </testcase> <!-- @AfterSuite endExtent -->
  <testcase name="@AfterSuite endExtent" time="0.0" classname="in.redbus.Tests.BaseTest">
    <ignored/>
  </testcase> <!-- @AfterSuite endExtent -->
  <testcase name="@AfterSuite endExtent" time="0.0" classname="in.redbus.Tests.BaseTest">
    <ignored/>
  </testcase> <!-- @AfterSuite endExtent -->
  <testcase name="@AfterSuite endExtent" time="0.0" classname="in.redbus.Tests.BaseTest">
    <ignored/>
  </testcase> <!-- @AfterSuite endExtent -->
</testsuite> <!-- Test -->
